[debug] [2023-08-08T21:04:03.589Z] ----------------------------------------------------------------------
[debug] [2023-08-08T21:04:03.591Z] Command:       /usr/local/bin/node /usr/local/bin/firebase deploy
[debug] [2023-08-08T21:04:03.592Z] CLI Version:   12.3.1
[debug] [2023-08-08T21:04:03.592Z] Platform:      darwin
[debug] [2023-08-08T21:04:03.592Z] Node Version:  v18.16.0
[debug] [2023-08-08T21:04:03.604Z] Time:          Wed Aug 09 2023 02:34:03 GMT+0530 (India Standard Time)
[debug] [2023-08-08T21:04:03.604Z] ----------------------------------------------------------------------
[debug] 
[debug] [2023-08-08T21:04:03.611Z] >>> [apiv2][query] GET https://firebase-public.firebaseio.com/cli.json [none]
[debug] [2023-08-08T21:04:03.760Z] Object ".hosting" in "firebase.json" has unknown property: {"additionalProperty":"stripe"}
[debug] [2023-08-08T21:04:03.760Z] Field ".hosting" in "firebase.json" is possibly invalid: should be array
[debug] [2023-08-08T21:04:03.760Z] Field ".hosting" in "firebase.json" is possibly invalid: should match some schema in anyOf
[debug] [2023-08-08T21:04:03.770Z] > command requires scopes: ["email","openid","https://www.googleapis.com/auth/cloudplatformprojects.readonly","https://www.googleapis.com/auth/firebase","https://www.googleapis.com/auth/cloud-platform"]
[debug] [2023-08-08T21:04:03.770Z] > authorizing via signed-in user (shubham.sp456@gmail.com)
[debug] [2023-08-08T21:04:03.771Z] [iam] checking project essay-grad for permissions ["firebase.projects.get","firebasehosting.sites.update"]
[debug] [2023-08-08T21:04:03.772Z] > refreshing access token with scopes: []
[debug] [2023-08-08T21:04:03.773Z] >>> [apiv2][query] POST https://www.googleapis.com/oauth2/v3/token [none]
[debug] [2023-08-08T21:04:03.773Z] >>> [apiv2][body] POST https://www.googleapis.com/oauth2/v3/token [omitted]
[warn] ⚠  Unable to fetch the CLI MOTD and remote config. 
[debug] [2023-08-08T21:04:03.781Z] Failed to fetch MOTD FirebaseError: Failed to make request to https://firebase-public.firebaseio.com/cli.json
[debug] [2023-08-08T21:04:03.782Z] [iam] error while checking permissions, command may fail: FirebaseError: Authentication Error: Your credentials are no longer valid. Please run firebase login --reauth

For CI servers and headless environments, generate a new token with firebase login:ci
[debug] [2023-08-08T21:04:03.782Z] > refreshing access token with scopes: []
[debug] [2023-08-08T21:04:03.783Z] >>> [apiv2][query] POST https://www.googleapis.com/oauth2/v3/token [none]
[debug] [2023-08-08T21:04:03.783Z] >>> [apiv2][body] POST https://www.googleapis.com/oauth2/v3/token [omitted]
[debug] [2023-08-08T21:04:03.792Z] Authentication Error: Your credentials are no longer valid. Please run firebase login --reauth

For CI servers and headless environments, generate a new token with firebase login:ci
[debug] [2023-08-08T21:04:03.818Z] FirebaseError: Authentication Error: Your credentials are no longer valid. Please run firebase login --reauth

For CI servers and headless environments, generate a new token with firebase login:ci
    at invalidCredentialError (/usr/local/lib/node_modules/firebase-tools/lib/auth.js:144:12)
    at refreshTokens (/usr/local/lib/node_modules/firebase-tools/lib/auth.js:508:15)
    at process.processTicksAndRejections (node:internal/process/task_queues:95:5)
    at async Client.getAccessToken (/usr/local/lib/node_modules/firebase-tools/lib/apiv2.js:149:23)
    at async Client.addAuthHeader (/usr/local/lib/node_modules/firebase-tools/lib/apiv2.js:140:21)
    at async Client.request (/usr/local/lib/node_modules/firebase-tools/lib/apiv2.js:96:34)
    at async getFirebaseProject (/usr/local/lib/node_modules/firebase-tools/lib/management/projects.js:295:21)
    at async getDefaultHostingSite (/usr/local/lib/node_modules/firebase-tools/lib/getDefaultHostingSite.js:10:21)
    at async requireHostingSite (/usr/local/lib/node_modules/firebase-tools/lib/requireHostingSite.js:9:18)
    at async Object.fn (/usr/local/lib/node_modules/firebase-tools/lib/commands/deploy.js:74:9)
[error] 
[error] Error: Failed to get Firebase project essay-grad. Please make sure the project exists and your account has permission to access it.
